<?xml version="1.0" encoding="utf-8"?>
<coverage line-rate="0.9148000000000001" branch-rate="0.675" version="1.9" timestamp="1684246324" lines-covered="655" lines-valid="716" branches-covered="54" branches-valid="80">
  <sources>
    <source>C:\Github_Propel\omprakash\</source>
  </sources>
  <packages>
    <package name="Contract" line-rate="1" branch-rate="1" complexity="0">
      <classes />
    </package>
    <package name="Entity" line-rate="0.9440999999999999" branch-rate="1" complexity="118">
      <classes>
        <class name="Entity.Model.Address" filename="Entity\Model\Address.cs" line-rate="0.8" branch-rate="1" complexity="10">
          <methods>
            <method name="get_AddressBookId" signature="()" line-rate="1" branch-rate="1" complexity="1">
              <lines>
                <line number="10" hits="52" branch="False" />
              </lines>
            </method>
            <method name="get_AddressTypeId" signature="()" line-rate="1" branch-rate="1" complexity="1">
              <lines>
                <line number="13" hits="59" branch="False" />
              </lines>
            </method>
            <method name="get_Line1" signature="()" line-rate="1" branch-rate="1" complexity="1">
              <lines>
                <line number="14" hits="110" branch="False" />
              </lines>
            </method>
            <method name="get_Line2" signature="()" line-rate="1" branch-rate="1" complexity="1">
              <lines>
                <line number="15" hits="110" branch="False" />
              </lines>
            </method>
            <method name="get_City" signature="()" line-rate="1" branch-rate="1" complexity="1">
              <lines>
                <line number="16" hits="110" branch="False" />
              </lines>
            </method>
            <method name="get_Zipcode" signature="()" line-rate="1" branch-rate="1" complexity="1">
              <lines>
                <line number="17" hits="110" branch="False" />
              </lines>
            </method>
            <method name="get_CountryTypeId" signature="()" line-rate="1" branch-rate="1" complexity="1">
              <lines>
                <line number="18" hits="59" branch="False" />
              </lines>
            </method>
            <method name="get_State" signature="()" line-rate="1" branch-rate="1" complexity="1">
              <lines>
                <line number="19" hits="110" branch="False" />
              </lines>
            </method>
            <method name="get_AddressBook" signature="()" line-rate="0" branch-rate="1" complexity="1">
              <lines>
                <line number="20" hits="0" branch="False" />
              </lines>
            </method>
            <method name="get_RefTerm" signature="()" line-rate="0" branch-rate="1" complexity="1">
              <lines>
                <line number="21" hits="0" branch="False" />
              </lines>
            </method>
          </methods>
          <lines>
            <line number="10" hits="52" branch="False" />
            <line number="13" hits="59" branch="False" />
            <line number="14" hits="110" branch="False" />
            <line number="15" hits="110" branch="False" />
            <line number="16" hits="110" branch="False" />
            <line number="17" hits="110" branch="False" />
            <line number="18" hits="59" branch="False" />
            <line number="19" hits="110" branch="False" />
            <line number="20" hits="0" branch="False" />
            <line number="21" hits="0" branch="False" />
          </lines>
        </class>
        <class name="Entity.Model.AddressBook" filename="Entity\Model\AddressBook.cs" line-rate="0.9229999999999999" branch-rate="1" complexity="9">
          <methods>
            <method name="get_UserId" signature="()" line-rate="1" branch-rate="1" complexity="1">
              <lines>
                <line number="15" hits="52" branch="False" />
              </lines>
            </method>
            <method name="get_FirstName" signature="()" line-rate="1" branch-rate="1" complexity="1">
              <lines>
                <line number="16" hits="109" branch="False" />
              </lines>
            </method>
            <method name="get_LastName" signature="()" line-rate="1" branch-rate="1" complexity="1">
              <lines>
                <line number="17" hits="109" branch="False" />
              </lines>
            </method>
            <method name="get_User" signature="()" line-rate="0" branch-rate="1" complexity="1">
              <lines>
                <line number="19" hits="0" branch="False" />
              </lines>
            </method>
            <method name="get_Asset" signature="()" line-rate="1" branch-rate="1" complexity="1">
              <lines>
                <line number="20" hits="3" branch="False" />
              </lines>
            </method>
            <method name="get_Emails" signature="()" line-rate="1" branch-rate="1" complexity="1">
              <lines>
                <line number="21" hits="61" branch="False" />
              </lines>
            </method>
            <method name="get_Phones" signature="()" line-rate="1" branch-rate="1" complexity="1">
              <lines>
                <line number="22" hits="61" branch="False" />
              </lines>
            </method>
            <method name="get_Addresses" signature="()" line-rate="1" branch-rate="1" complexity="1">
              <lines>
                <line number="23" hits="61" branch="False" />
              </lines>
            </method>
            <method name=".ctor" signature="()" line-rate="1" branch-rate="1" complexity="1">
              <lines>
                <line number="8" hits="104" branch="False" />
                <line number="9" hits="52" branch="False" />
                <line number="10" hits="52" branch="False" />
                <line number="11" hits="52" branch="False" />
                <line number="12" hits="52" branch="False" />
              </lines>
            </method>
          </methods>
          <lines>
            <line number="15" hits="52" branch="False" />
            <line number="16" hits="109" branch="False" />
            <line number="17" hits="109" branch="False" />
            <line number="19" hits="0" branch="False" />
            <line number="20" hits="3" branch="False" />
            <line number="21" hits="61" branch="False" />
            <line number="22" hits="61" branch="False" />
            <line number="23" hits="61" branch="False" />
            <line number="8" hits="104" branch="False" />
            <line number="9" hits="52" branch="False" />
            <line number="10" hits="52" branch="False" />
            <line number="11" hits="52" branch="False" />
            <line number="12" hits="52" branch="False" />
          </lines>
        </class>
        <class name="Entity.Model.Asset" filename="Entity\Model\Asset.cs" line-rate="0.8" branch-rate="1" complexity="5">
          <methods>
            <method name="get_AddressBookId" signature="()" line-rate="1" branch-rate="1" complexity="1">
              <lines>
                <line number="9" hits="35" branch="False" />
              </lines>
            </method>
            <method name="get_FileName" signature="()" line-rate="1" branch-rate="1" complexity="1">
              <lines>
                <line number="10" hits="71" branch="False" />
              </lines>
            </method>
            <method name="get_FileType" signature="()" line-rate="1" branch-rate="1" complexity="1">
              <lines>
                <line number="11" hits="71" branch="False" />
              </lines>
            </method>
            <method name="get_FileContent" signature="()" line-rate="1" branch-rate="1" complexity="1">
              <lines>
                <line number="12" hits="36" branch="False" />
              </lines>
            </method>
            <method name="get_AddressBook" signature="()" line-rate="0" branch-rate="1" complexity="1">
              <lines>
                <line number="14" hits="0" branch="False" />
              </lines>
            </method>
          </methods>
          <lines>
            <line number="9" hits="35" branch="False" />
            <line number="10" hits="71" branch="False" />
            <line number="11" hits="71" branch="False" />
            <line number="12" hits="36" branch="False" />
            <line number="14" hits="0" branch="False" />
          </lines>
        </class>
        <class name="Entity.Model.BaseEntity" filename="Entity\Model\BaseEntity.cs" line-rate="1" branch-rate="1" complexity="6">
          <methods>
            <method name="get_Id" signature="()" line-rate="1" branch-rate="1" complexity="1">
              <lines>
                <line number="9" hits="248" branch="False" />
              </lines>
            </method>
            <method name="get_IsActive" signature="()" line-rate="1" branch-rate="1" complexity="1">
              <lines>
                <line number="10" hits="443" branch="False" />
              </lines>
            </method>
            <method name="get_CreatedBy" signature="()" line-rate="1" branch-rate="1" complexity="1">
              <lines>
                <line number="11" hits="249" branch="False" />
              </lines>
            </method>
            <method name="get_CreatedDate" signature="()" line-rate="1" branch-rate="1" complexity="1">
              <lines>
                <line number="12" hits="491" branch="False" />
              </lines>
            </method>
            <method name="get_UpdatedBy" signature="()" line-rate="1" branch-rate="1" complexity="1">
              <lines>
                <line number="13" hits="252" branch="False" />
              </lines>
            </method>
            <method name="get_UpdatedDate" signature="()" line-rate="1" branch-rate="1" complexity="1">
              <lines>
                <line number="14" hits="494" branch="False" />
              </lines>
            </method>
          </methods>
          <lines>
            <line number="9" hits="248" branch="False" />
            <line number="10" hits="443" branch="False" />
            <line number="11" hits="249" branch="False" />
            <line number="12" hits="491" branch="False" />
            <line number="13" hits="252" branch="False" />
            <line number="14" hits="494" branch="False" />
          </lines>
        </class>
        <class name="Entity.Model.Email" filename="Entity\Model\Email.cs" line-rate="0.6" branch-rate="1" complexity="5">
          <methods>
            <method name="get_AddressBookId" signature="()" line-rate="1" branch-rate="1" complexity="1">
              <lines>
                <line number="10" hits="52" branch="False" />
              </lines>
            </method>
            <method name="get_EmailTypeId" signature="()" line-rate="1" branch-rate="1" complexity="1">
              <lines>
                <line number="13" hits="59" branch="False" />
              </lines>
            </method>
            <method name="get_EmailId" signature="()" line-rate="1" branch-rate="1" complexity="1">
              <lines>
                <line number="14" hits="112" branch="False" />
              </lines>
            </method>
            <method name="get_AddressBook" signature="()" line-rate="0" branch-rate="1" complexity="1">
              <lines>
                <line number="16" hits="0" branch="False" />
              </lines>
            </method>
            <method name="get_RefTerm" signature="()" line-rate="0" branch-rate="1" complexity="1">
              <lines>
                <line number="17" hits="0" branch="False" />
              </lines>
            </method>
          </methods>
          <lines>
            <line number="10" hits="52" branch="False" />
            <line number="13" hits="59" branch="False" />
            <line number="14" hits="112" branch="False" />
            <line number="16" hits="0" branch="False" />
            <line number="17" hits="0" branch="False" />
          </lines>
        </class>
        <class name="Entity.Model.Phone" filename="Entity\Model\Phone.cs" line-rate="0.6" branch-rate="1" complexity="5">
          <methods>
            <method name="get_AddressBookId" signature="()" line-rate="1" branch-rate="1" complexity="1">
              <lines>
                <line number="10" hits="52" branch="False" />
              </lines>
            </method>
            <method name="get_PhoneTypeId" signature="()" line-rate="1" branch-rate="1" complexity="1">
              <lines>
                <line number="13" hits="59" branch="False" />
              </lines>
            </method>
            <method name="get_PhoneNumber" signature="()" line-rate="1" branch-rate="1" complexity="1">
              <lines>
                <line number="14" hits="112" branch="False" />
              </lines>
            </method>
            <method name="get_AddressBook" signature="()" line-rate="0" branch-rate="1" complexity="1">
              <lines>
                <line number="15" hits="0" branch="False" />
              </lines>
            </method>
            <method name="get_RefTerm" signature="()" line-rate="0" branch-rate="1" complexity="1">
              <lines>
                <line number="16" hits="0" branch="False" />
              </lines>
            </method>
          </methods>
          <lines>
            <line number="10" hits="52" branch="False" />
            <line number="13" hits="59" branch="False" />
            <line number="14" hits="112" branch="False" />
            <line number="15" hits="0" branch="False" />
            <line number="16" hits="0" branch="False" />
          </lines>
        </class>
        <class name="Entity.Model.RefSet" filename="Entity\Model\RefSet.cs" line-rate="1" branch-rate="1" complexity="5">
          <methods>
            <method name="get_Id" signature="()" line-rate="1" branch-rate="1" complexity="1">
              <lines>
                <line number="12" hits="88" branch="False" />
              </lines>
            </method>
            <method name="get_Key" signature="()" line-rate="1" branch-rate="1" complexity="1">
              <lines>
                <line number="13" hits="232" branch="False" />
              </lines>
            </method>
            <method name="get_Description" signature="()" line-rate="1" branch-rate="1" complexity="1">
              <lines>
                <line number="14" hits="232" branch="False" />
              </lines>
            </method>
            <method name="get_SetRefTerms" signature="()" line-rate="1" branch-rate="1" complexity="1">
              <lines>
                <line number="16" hits="156" branch="False" />
              </lines>
            </method>
            <method name=".ctor" signature="()" line-rate="1" branch-rate="1" complexity="1">
              <lines>
                <line number="8" hits="312" branch="False" />
                <line number="9" hits="156" branch="False" />
                <line number="10" hits="156" branch="False" />
              </lines>
            </method>
          </methods>
          <lines>
            <line number="12" hits="88" branch="False" />
            <line number="13" hits="232" branch="False" />
            <line number="14" hits="232" branch="False" />
            <line number="16" hits="156" branch="False" />
            <line number="8" hits="312" branch="False" />
            <line number="9" hits="156" branch="False" />
            <line number="10" hits="156" branch="False" />
          </lines>
        </class>
        <class name="Entity.Model.RefTerm" filename="Entity\Model\RefTerm.cs" line-rate="1" branch-rate="1" complexity="9">
          <methods>
            <method name="get_Id" signature="()" line-rate="1" branch-rate="1" complexity="1">
              <lines>
                <line number="16" hits="103" branch="False" />
              </lines>
            </method>
            <method name="get_Key" signature="()" line-rate="1" branch-rate="1" complexity="1">
              <lines>
                <line number="17" hits="305" branch="False" />
              </lines>
            </method>
            <method name="get_Description" signature="()" line-rate="1" branch-rate="1" complexity="1">
              <lines>
                <line number="18" hits="281" branch="False" />
              </lines>
            </method>
            <method name="get_SortOrder" signature="()" line-rate="1" branch-rate="1" complexity="1">
              <lines>
                <line number="19" hits="95" branch="False" />
              </lines>
            </method>
            <method name="get_SetRefTerms" signature="()" line-rate="1" branch-rate="1" complexity="1">
              <lines>
                <line number="21" hits="186" branch="False" />
              </lines>
            </method>
            <method name="get_Emails" signature="()" line-rate="1" branch-rate="1" complexity="1">
              <lines>
                <line number="22" hits="186" branch="False" />
              </lines>
            </method>
            <method name="get_Phones" signature="()" line-rate="1" branch-rate="1" complexity="1">
              <lines>
                <line number="23" hits="186" branch="False" />
              </lines>
            </method>
            <method name="get_Addresses" signature="()" line-rate="1" branch-rate="1" complexity="1">
              <lines>
                <line number="24" hits="186" branch="False" />
              </lines>
            </method>
            <method name=".ctor" signature="()" line-rate="1" branch-rate="1" complexity="1">
              <lines>
                <line number="8" hits="372" branch="False" />
                <line number="9" hits="186" branch="False" />
                <line number="10" hits="186" branch="False" />
                <line number="11" hits="186" branch="False" />
                <line number="12" hits="186" branch="False" />
                <line number="13" hits="186" branch="False" />
              </lines>
            </method>
          </methods>
          <lines>
            <line number="16" hits="103" branch="False" />
            <line number="17" hits="305" branch="False" />
            <line number="18" hits="281" branch="False" />
            <line number="19" hits="95" branch="False" />
            <line number="21" hits="186" branch="False" />
            <line number="22" hits="186" branch="False" />
            <line number="23" hits="186" branch="False" />
            <line number="24" hits="186" branch="False" />
            <line number="8" hits="372" branch="False" />
            <line number="9" hits="186" branch="False" />
            <line number="10" hits="186" branch="False" />
            <line number="11" hits="186" branch="False" />
            <line number="12" hits="186" branch="False" />
            <line number="13" hits="186" branch="False" />
          </lines>
        </class>
        <class name="Entity.Model.SetRefTerm" filename="Entity\Model\SetRefTerm.cs" line-rate="0.6" branch-rate="1" complexity="5">
          <methods>
            <method name="get_Id" signature="()" line-rate="1" branch-rate="1" complexity="1">
              <lines>
                <line number="8" hits="171" branch="False" />
              </lines>
            </method>
            <method name="get_RefTermId" signature="()" line-rate="1" branch-rate="1" complexity="1">
              <lines>
                <line number="11" hits="171" branch="False" />
              </lines>
            </method>
            <method name="get_RefSetId" signature="()" line-rate="1" branch-rate="1" complexity="1">
              <lines>
                <line number="14" hits="171" branch="False" />
              </lines>
            </method>
            <method name="get_RefTerm" signature="()" line-rate="0" branch-rate="1" complexity="1">
              <lines>
                <line number="16" hits="0" branch="False" />
              </lines>
            </method>
            <method name="get_RefSet" signature="()" line-rate="0" branch-rate="1" complexity="1">
              <lines>
                <line number="17" hits="0" branch="False" />
              </lines>
            </method>
          </methods>
          <lines>
            <line number="8" hits="171" branch="False" />
            <line number="11" hits="171" branch="False" />
            <line number="14" hits="171" branch="False" />
            <line number="16" hits="0" branch="False" />
            <line number="17" hits="0" branch="False" />
          </lines>
        </class>
        <class name="Entity.Model.User" filename="Entity\Model\User.cs" line-rate="1" branch-rate="1" complexity="5">
          <methods>
            <method name="get_Id" signature="()" line-rate="1" branch-rate="1" complexity="1">
              <lines>
                <line number="14" hits="24" branch="False" />
              </lines>
            </method>
            <method name="get_UserName" signature="()" line-rate="1" branch-rate="1" complexity="1">
              <lines>
                <line number="15" hits="81" branch="False" />
              </lines>
            </method>
            <method name="get_Password" signature="()" line-rate="1" branch-rate="1" complexity="1">
              <lines>
                <line number="16" hits="79" branch="False" />
              </lines>
            </method>
            <method name="get_AddressBooks" signature="()" line-rate="1" branch-rate="1" complexity="1">
              <lines>
                <line number="17" hits="56" branch="False" />
              </lines>
            </method>
            <method name=".ctor" signature="()" line-rate="1" branch-rate="1" complexity="1">
              <lines>
                <line number="9" hits="112" branch="False" />
                <line number="10" hits="56" branch="False" />
                <line number="11" hits="56" branch="False" />
              </lines>
            </method>
          </methods>
          <lines>
            <line number="14" hits="24" branch="False" />
            <line number="15" hits="81" branch="False" />
            <line number="16" hits="79" branch="False" />
            <line number="17" hits="56" branch="False" />
            <line number="9" hits="112" branch="False" />
            <line number="10" hits="56" branch="False" />
            <line number="11" hits="56" branch="False" />
          </lines>
        </class>
        <class name="Entity.Dto.AddressBookDto" filename="Entity\Dto\AddressBookDto.cs" line-rate="1" branch-rate="1" complexity="7">
          <methods>
            <method name="get_Id" signature="()" line-rate="1" branch-rate="1" complexity="1">
              <lines>
                <line number="15" hits="6" branch="False" />
              </lines>
            </method>
            <method name="get_UserId" signature="()" line-rate="1" branch-rate="1" complexity="1">
              <lines>
                <line number="19" hits="4" branch="False" />
              </lines>
            </method>
            <method name="get_FirstName" signature="()" line-rate="1" branch-rate="1" complexity="1">
              <lines>
                <line number="27" hits="24" branch="False" />
              </lines>
            </method>
            <method name="get_LastName" signature="()" line-rate="1" branch-rate="1" complexity="1">
              <lines>
                <line number="35" hits="22" branch="False" />
              </lines>
            </method>
            <method name="get_Emails" signature="()" line-rate="1" branch-rate="1" complexity="1">
              <lines>
                <line number="43" hits="13" branch="False" />
              </lines>
            </method>
            <method name="get_Addresses" signature="()" line-rate="1" branch-rate="1" complexity="1">
              <lines>
                <line number="51" hits="13" branch="False" />
              </lines>
            </method>
            <method name="get_Phones" signature="()" line-rate="1" branch-rate="1" complexity="1">
              <lines>
                <line number="59" hits="14" branch="False" />
              </lines>
            </method>
          </methods>
          <lines>
            <line number="15" hits="6" branch="False" />
            <line number="19" hits="4" branch="False" />
            <line number="27" hits="24" branch="False" />
            <line number="35" hits="22" branch="False" />
            <line number="43" hits="13" branch="False" />
            <line number="51" hits="13" branch="False" />
            <line number="59" hits="14" branch="False" />
          </lines>
        </class>
        <class name="Entity.Dto.AddressBookDtoAddresses" filename="Entity\Dto\AddressBookDtoAddresses.cs" line-rate="1" branch-rate="1" complexity="9">
          <methods>
            <method name="get_UserId" signature="()" line-rate="1" branch-rate="1" complexity="1">
              <lines>
                <line number="16" hits="3" branch="False" />
              </lines>
            </method>
            <method name="get_AddressBookId" signature="()" line-rate="1" branch-rate="1" complexity="1">
              <lines>
                <line number="20" hits="2" branch="False" />
              </lines>
            </method>
            <method name="get_Line1" signature="()" line-rate="1" branch-rate="1" complexity="1">
              <lines>
                <line number="28" hits="22" branch="False" />
              </lines>
            </method>
            <method name="get_Line2" signature="()" line-rate="1" branch-rate="1" complexity="1">
              <lines>
                <line number="36" hits="22" branch="False" />
              </lines>
            </method>
            <method name="get_City" signature="()" line-rate="1" branch-rate="1" complexity="1">
              <lines>
                <line number="44" hits="22" branch="False" />
              </lines>
            </method>
            <method name="get_Zipcode" signature="()" line-rate="1" branch-rate="1" complexity="1">
              <lines>
                <line number="53" hits="22" branch="False" />
              </lines>
            </method>
            <method name="get_StateName" signature="()" line-rate="1" branch-rate="1" complexity="1">
              <lines>
                <line number="61" hits="22" branch="False" />
              </lines>
            </method>
            <method name="get_Type" signature="()" line-rate="1" branch-rate="1" complexity="1">
              <lines>
                <line number="69" hits="14" branch="False" />
              </lines>
            </method>
            <method name="get_Country" signature="()" line-rate="1" branch-rate="1" complexity="1">
              <lines>
                <line number="77" hits="14" branch="False" />
              </lines>
            </method>
          </methods>
          <lines>
            <line number="16" hits="3" branch="False" />
            <line number="20" hits="2" branch="False" />
            <line number="28" hits="22" branch="False" />
            <line number="36" hits="22" branch="False" />
            <line number="44" hits="22" branch="False" />
            <line number="53" hits="22" branch="False" />
            <line number="61" hits="22" branch="False" />
            <line number="69" hits="14" branch="False" />
            <line number="77" hits="14" branch="False" />
          </lines>
        </class>
        <class name="Entity.Dto.AddressBookDtoEmails" filename="Entity\Dto\AddressBookDtoEmails.cs" line-rate="1" branch-rate="1" complexity="4">
          <methods>
            <method name="get_UserId" signature="()" line-rate="1" branch-rate="1" complexity="1">
              <lines>
                <line number="16" hits="3" branch="False" />
              </lines>
            </method>
            <method name="get_AddressBookId" signature="()" line-rate="1" branch-rate="1" complexity="1">
              <lines>
                <line number="20" hits="2" branch="False" />
              </lines>
            </method>
            <method name="get_EmailAddress" signature="()" line-rate="1" branch-rate="1" complexity="1">
              <lines>
                <line number="29" hits="22" branch="False" />
              </lines>
            </method>
            <method name="get_Type" signature="()" line-rate="1" branch-rate="1" complexity="1">
              <lines>
                <line number="37" hits="14" branch="False" />
              </lines>
            </method>
          </methods>
          <lines>
            <line number="16" hits="3" branch="False" />
            <line number="20" hits="2" branch="False" />
            <line number="29" hits="22" branch="False" />
            <line number="37" hits="14" branch="False" />
          </lines>
        </class>
        <class name="Entity.Dto.AddressBookDtoPhones" filename="Entity\Dto\AddressBookDtoPhones.cs" line-rate="1" branch-rate="1" complexity="4">
          <methods>
            <method name="get_UserId" signature="()" line-rate="1" branch-rate="1" complexity="1">
              <lines>
                <line number="16" hits="3" branch="False" />
              </lines>
            </method>
            <method name="get_AddressBookId" signature="()" line-rate="1" branch-rate="1" complexity="1">
              <lines>
                <line number="20" hits="2" branch="False" />
              </lines>
            </method>
            <method name="get_PhoneNumber" signature="()" line-rate="1" branch-rate="1" complexity="1">
              <lines>
                <line number="29" hits="24" branch="False" />
              </lines>
            </method>
            <method name="get_Type" signature="()" line-rate="1" branch-rate="1" complexity="1">
              <lines>
                <line number="37" hits="15" branch="False" />
              </lines>
            </method>
          </methods>
          <lines>
            <line number="16" hits="3" branch="False" />
            <line number="20" hits="2" branch="False" />
            <line number="29" hits="24" branch="False" />
            <line number="37" hits="15" branch="False" />
          </lines>
        </class>
        <class name="Entity.Dto.AddressBookDtoType" filename="Entity\Dto\AddressBookDtoType.cs" line-rate="1" branch-rate="1" complexity="2">
          <methods>
            <method name="get_Key" signature="()" line-rate="1" branch-rate="1" complexity="1">
              <lines>
                <line number="20" hits="90" branch="False" />
              </lines>
            </method>
            <method name="get_Id" signature="()" line-rate="1" branch-rate="1" complexity="1">
              <lines>
                <line number="24" hits="8" branch="False" />
              </lines>
            </method>
          </methods>
          <lines>
            <line number="20" hits="90" branch="False" />
            <line number="24" hits="8" branch="False" />
          </lines>
        </class>
        <class name="Entity.Dto.LoginDto" filename="Entity\Dto\LoginDto.cs" line-rate="1" branch-rate="1" complexity="2">
          <methods>
            <method name="get_UserName" signature="()" line-rate="1" branch-rate="1" complexity="1">
              <lines>
                <line number="21" hits="7" branch="False" />
              </lines>
            </method>
            <method name="get_Password" signature="()" line-rate="1" branch-rate="1" complexity="1">
              <lines>
                <line number="29" hits="6" branch="False" />
              </lines>
            </method>
          </methods>
          <lines>
            <line number="21" hits="7" branch="False" />
            <line number="29" hits="6" branch="False" />
          </lines>
        </class>
        <class name="Entity.Dto.MetaResponseDto" filename="Entity\Dto\MetaResponseDto.cs" line-rate="1" branch-rate="1" complexity="3">
          <methods>
            <method name="get_Id" signature="()" line-rate="1" branch-rate="1" complexity="1">
              <lines>
                <line number="19" hits="27" branch="False" />
              </lines>
            </method>
            <method name="get_Key" signature="()" line-rate="1" branch-rate="1" complexity="1">
              <lines>
                <line number="26" hits="104" branch="False" />
              </lines>
            </method>
            <method name="get_Description" signature="()" line-rate="1" branch-rate="1" complexity="1">
              <lines>
                <line number="33" hits="27" branch="False" />
              </lines>
            </method>
          </methods>
          <lines>
            <line number="19" hits="27" branch="False" />
            <line number="26" hits="104" branch="False" />
            <line number="33" hits="27" branch="False" />
          </lines>
        </class>
        <class name="Entity.Dto.NumberOfAddressBookDto" filename="Entity\Dto\NumberOfAddressBookDto.cs" line-rate="1" branch-rate="1" complexity="1">
          <methods>
            <method name="get_Count" signature="()" line-rate="1" branch-rate="1" complexity="1">
              <lines>
                <line number="19" hits="3" branch="False" />
              </lines>
            </method>
          </methods>
          <lines>
            <line number="19" hits="3" branch="False" />
          </lines>
        </class>
        <class name="Entity.Dto.ResponseDto" filename="Entity\Dto\ResponseDto.cs" line-rate="1" branch-rate="1" complexity="3">
          <methods>
            <method name="get_StatusCode" signature="()" line-rate="1" branch-rate="1" complexity="1">
              <lines>
                <line number="18" hits="2" branch="False" />
              </lines>
            </method>
            <method name="get_Message" signature="()" line-rate="1" branch-rate="1" complexity="1">
              <lines>
                <line number="25" hits="2" branch="False" />
              </lines>
            </method>
            <method name="get_Description" signature="()" line-rate="1" branch-rate="1" complexity="1">
              <lines>
                <line number="32" hits="2" branch="False" />
              </lines>
            </method>
          </methods>
          <lines>
            <line number="18" hits="2" branch="False" />
            <line number="25" hits="2" branch="False" />
            <line number="32" hits="2" branch="False" />
          </lines>
        </class>
        <class name="Entity.Dto.ResponseIdDto" filename="Entity\Dto\ResponseIdDto.cs" line-rate="1" branch-rate="1" complexity="2">
          <methods>
            <method name="get_id" signature="()" line-rate="1" branch-rate="1" complexity="1">
              <lines>
                <line number="5" hits="5" branch="False" />
              </lines>
            </method>
            <method name="get_description" signature="()" line-rate="1" branch-rate="1" complexity="1">
              <lines>
                <line number="6" hits="6" branch="False" />
              </lines>
            </method>
          </methods>
          <lines>
            <line number="5" hits="5" branch="False" />
            <line number="6" hits="6" branch="False" />
          </lines>
        </class>
        <class name="Entity.Dto.SignupDto" filename="Entity\Dto\SignupDto.cs" line-rate="1" branch-rate="1" complexity="3">
          <methods>
            <method name="get_UserName" signature="()" line-rate="1" branch-rate="1" complexity="1">
              <lines>
                <line number="23" hits="7" branch="False" />
              </lines>
            </method>
            <method name="get_Password" signature="()" line-rate="1" branch-rate="1" complexity="1">
              <lines>
                <line number="32" hits="7" branch="False" />
              </lines>
            </method>
            <method name="get_ConfirmPassword" signature="()" line-rate="1" branch-rate="1" complexity="1">
              <lines>
                <line number="41" hits="4" branch="False" />
              </lines>
            </method>
          </methods>
          <lines>
            <line number="23" hits="7" branch="False" />
            <line number="32" hits="7" branch="False" />
            <line number="41" hits="4" branch="False" />
          </lines>
        </class>
        <class name="Entity.Dto.TokenResponseDto" filename="Entity\Dto\TokenResponseDto.cs" line-rate="1" branch-rate="1" complexity="2">
          <methods>
            <method name="get_TokenType" signature="()" line-rate="1" branch-rate="1" complexity="1">
              <lines>
                <line number="19" hits="1" branch="False" />
              </lines>
            </method>
            <method name="get_Token" signature="()" line-rate="1" branch-rate="1" complexity="1">
              <lines>
                <line number="26" hits="2" branch="False" />
              </lines>
            </method>
          </methods>
          <lines>
            <line number="19" hits="1" branch="False" />
            <line number="26" hits="2" branch="False" />
          </lines>
        </class>
        <class name="Entity.Dto.UploadFileDto" filename="Entity\Dto\UploadFileDto.cs" line-rate="1" branch-rate="1" complexity="1">
          <methods>
            <method name="get_File" signature="()" line-rate="1" branch-rate="1" complexity="1">
              <lines>
                <line number="29" hits="4" branch="False" />
              </lines>
            </method>
          </methods>
          <lines>
            <line number="29" hits="4" branch="False" />
          </lines>
        </class>
        <class name="Entity.Data.ApiDbContext" filename="Entity\Data\ApiDbContext.cs" line-rate="1" branch-rate="1" complexity="11">
          <methods>
            <method name="get_Users" signature="()" line-rate="1" branch-rate="1" complexity="1">
              <lines>
                <line number="14" hits="56" branch="False" />
              </lines>
            </method>
            <method name="get_AddressBooks" signature="()" line-rate="1" branch-rate="1" complexity="1">
              <lines>
                <line number="15" hits="57" branch="False" />
              </lines>
            </method>
            <method name="get_Assets" signature="()" line-rate="1" branch-rate="1" complexity="1">
              <lines>
                <line number="16" hits="55" branch="False" />
              </lines>
            </method>
            <method name="get_Emails" signature="()" line-rate="1" branch-rate="1" complexity="1">
              <lines>
                <line number="17" hits="53" branch="False" />
              </lines>
            </method>
            <method name="get_Phones" signature="()" line-rate="1" branch-rate="1" complexity="1">
              <lines>
                <line number="18" hits="53" branch="False" />
              </lines>
            </method>
            <method name="get_Addresses" signature="()" line-rate="1" branch-rate="1" complexity="1">
              <lines>
                <line number="19" hits="51" branch="False" />
              </lines>
            </method>
            <method name="get_RefTerms" signature="()" line-rate="1" branch-rate="1" complexity="1">
              <lines>
                <line number="20" hits="95" branch="False" />
              </lines>
            </method>
            <method name="get_SetRefTerms" signature="()" line-rate="1" branch-rate="1" complexity="1">
              <lines>
                <line number="21" hits="63" branch="False" />
              </lines>
            </method>
            <method name="get_RefSets" signature="()" line-rate="1" branch-rate="1" complexity="1">
              <lines>
                <line number="22" hits="64" branch="False" />
              </lines>
            </method>
            <method name="OnModelCreating" signature="(Microsoft.EntityFrameworkCore.ModelBuilder)" line-rate="1" branch-rate="1" complexity="1">
              <lines>
                <line number="42" hits="2" branch="False" />
                <line number="44" hits="2" branch="False" />
                <line number="45" hits="2" branch="False" />
                <line number="46" hits="2" branch="False" />
                <line number="47" hits="2" branch="False" />
                <line number="48" hits="2" branch="False" />
                <line number="49" hits="2" branch="False" />
                <line number="50" hits="2" branch="False" />
                <line number="51" hits="2" branch="False" />
                <line number="52" hits="2" branch="False" />
                <line number="53" hits="2" branch="False" />
                <line number="54" hits="2" branch="False" />
                <line number="55" hits="2" branch="False" />
                <line number="58" hits="2" branch="False" />
                <line number="59" hits="2" branch="False" />
                <line number="60" hits="2" branch="False" />
                <line number="61" hits="2" branch="False" />
                <line number="62" hits="2" branch="False" />
                <line number="63" hits="2" branch="False" />
                <line number="64" hits="2" branch="False" />
                <line number="65" hits="2" branch="False" />
                <line number="66" hits="2" branch="False" />
                <line number="67" hits="2" branch="False" />
                <line number="70" hits="2" branch="False" />
                <line number="71" hits="2" branch="False" />
                <line number="72" hits="2" branch="False" />
                <line number="73" hits="2" branch="False" />
                <line number="74" hits="2" branch="False" />
                <line number="75" hits="2" branch="False" />
                <line number="76" hits="2" branch="False" />
                <line number="77" hits="2" branch="False" />
                <line number="78" hits="2" branch="False" />
                <line number="79" hits="2" branch="False" />
                <line number="80" hits="2" branch="False" />
                <line number="81" hits="2" branch="False" />
                <line number="84" hits="2" branch="False" />
                <line number="85" hits="2" branch="False" />
                <line number="86" hits="2" branch="False" />
                <line number="87" hits="2" branch="False" />
                <line number="88" hits="2" branch="False" />
                <line number="89" hits="2" branch="False" />
                <line number="90" hits="2" branch="False" />
                <line number="91" hits="2" branch="False" />
                <line number="92" hits="2" branch="False" />
                <line number="93" hits="2" branch="False" />
                <line number="94" hits="2" branch="False" />
                <line number="96" hits="2" branch="False" />
              </lines>
            </method>
            <method name=".ctor" signature="(Microsoft.EntityFrameworkCore.DbContextOptions`1&lt;Entity.Data.ApiDbContext&gt;)" line-rate="1" branch-rate="1" complexity="1">
              <lines>
                <line number="29" hits="17" branch="False" />
                <line number="30" hits="17" branch="False" />
                <line number="32" hits="17" branch="False" />
              </lines>
            </method>
          </methods>
          <lines>
            <line number="14" hits="56" branch="False" />
            <line number="15" hits="57" branch="False" />
            <line number="16" hits="55" branch="False" />
            <line number="17" hits="53" branch="False" />
            <line number="18" hits="53" branch="False" />
            <line number="19" hits="51" branch="False" />
            <line number="20" hits="95" branch="False" />
            <line number="21" hits="63" branch="False" />
            <line number="22" hits="64" branch="False" />
            <line number="42" hits="2" branch="False" />
            <line number="44" hits="2" branch="False" />
            <line number="45" hits="2" branch="False" />
            <line number="46" hits="2" branch="False" />
            <line number="47" hits="2" branch="False" />
            <line number="48" hits="2" branch="False" />
            <line number="49" hits="2" branch="False" />
            <line number="50" hits="2" branch="False" />
            <line number="51" hits="2" branch="False" />
            <line number="52" hits="2" branch="False" />
            <line number="53" hits="2" branch="False" />
            <line number="54" hits="2" branch="False" />
            <line number="55" hits="2" branch="False" />
            <line number="58" hits="2" branch="False" />
            <line number="59" hits="2" branch="False" />
            <line number="60" hits="2" branch="False" />
            <line number="61" hits="2" branch="False" />
            <line number="62" hits="2" branch="False" />
            <line number="63" hits="2" branch="False" />
            <line number="64" hits="2" branch="False" />
            <line number="65" hits="2" branch="False" />
            <line number="66" hits="2" branch="False" />
            <line number="67" hits="2" branch="False" />
            <line number="70" hits="2" branch="False" />
            <line number="71" hits="2" branch="False" />
            <line number="72" hits="2" branch="False" />
            <line number="73" hits="2" branch="False" />
            <line number="74" hits="2" branch="False" />
            <line number="75" hits="2" branch="False" />
            <line number="76" hits="2" branch="False" />
            <line number="77" hits="2" branch="False" />
            <line number="78" hits="2" branch="False" />
            <line number="79" hits="2" branch="False" />
            <line number="80" hits="2" branch="False" />
            <line number="81" hits="2" branch="False" />
            <line number="84" hits="2" branch="False" />
            <line number="85" hits="2" branch="False" />
            <line number="86" hits="2" branch="False" />
            <line number="87" hits="2" branch="False" />
            <line number="88" hits="2" branch="False" />
            <line number="89" hits="2" branch="False" />
            <line number="90" hits="2" branch="False" />
            <line number="91" hits="2" branch="False" />
            <line number="92" hits="2" branch="False" />
            <line number="93" hits="2" branch="False" />
            <line number="94" hits="2" branch="False" />
            <line number="96" hits="2" branch="False" />
            <line number="29" hits="17" branch="False" />
            <line number="30" hits="17" branch="False" />
            <line number="32" hits="17" branch="False" />
          </lines>
        </class>
      </classes>
    </package>
    <package name="Exception" line-rate="1" branch-rate="1" complexity="4">
      <classes>
        <class name="Exception.BaseCustomException" filename="Exception\BaseCustomException.cs" line-rate="1" branch-rate="1" complexity="4">
          <methods>
            <method name="get_StatusCode" signature="()" line-rate="1" branch-rate="1" complexity="1">
              <lines>
                <line number="11" hits="6" branch="False" />
              </lines>
            </method>
            <method name="get_Messages" signature="()" line-rate="1" branch-rate="1" complexity="1">
              <lines>
                <line number="12" hits="3" branch="False" />
              </lines>
            </method>
            <method name="get_Description" signature="()" line-rate="1" branch-rate="1" complexity="1">
              <lines>
                <line number="13" hits="3" branch="False" />
              </lines>
            </method>
            <method name=".ctor" signature="(System.Int32,System.String,System.String)" line-rate="1" branch-rate="1" complexity="1">
              <lines>
                <line number="19" hits="3" branch="False" />
                <line number="20" hits="3" branch="False" />
                <line number="21" hits="3" branch="False" />
                <line number="22" hits="3" branch="False" />
                <line number="23" hits="3" branch="False" />
                <line number="24" hits="3" branch="False" />
              </lines>
            </method>
          </methods>
          <lines>
            <line number="11" hits="6" branch="False" />
            <line number="12" hits="3" branch="False" />
            <line number="13" hits="3" branch="False" />
            <line number="19" hits="3" branch="False" />
            <line number="20" hits="3" branch="False" />
            <line number="21" hits="3" branch="False" />
            <line number="22" hits="3" branch="False" />
            <line number="23" hits="3" branch="False" />
            <line number="24" hits="3" branch="False" />
          </lines>
        </class>
      </classes>
    </package>
    <package name="Repository" line-rate="0.915" branch-rate="0.5" complexity="33">
      <classes>
        <class name="Repository.AddressBookRepository" filename="Repository\AddressBookRepository.cs" line-rate="0.915" branch-rate="0.5" complexity="33">
          <methods>
            <method name="CreateUser" signature="(Entity.Model.User)" line-rate="1" branch-rate="1" complexity="1">
              <lines>
                <line number="41" hits="1" branch="False" />
                <line number="42" hits="1" branch="False" />
                <line number="43" hits="1" branch="False" />
                <line number="44" hits="1" branch="False" />
                <line number="45" hits="1" branch="False" />
              </lines>
            </method>
            <method name="GetByUsername" signature="(System.String)" line-rate="1" branch-rate="1" complexity="1">
              <lines>
                <line number="59" hits="4" branch="False" />
                <line number="60" hits="4" branch="False" />
                <line number="61" hits="4" branch="False" />
                <line number="62" hits="4" branch="False" />
              </lines>
            </method>
            <method name="CreateAddressBook" signature="(Entity.Model.AddressBook)" line-rate="1" branch-rate="1" complexity="1">
              <lines>
                <line number="72" hits="1" branch="False" />
                <line number="73" hits="1" branch="False" />
                <line number="74" hits="1" branch="False" />
                <line number="75" hits="1" branch="False" />
                <line number="76" hits="1" branch="False" />
              </lines>
            </method>
            <method name="GetTypeId" signature="(System.String)" line-rate="1" branch-rate="1" complexity="1">
              <lines>
                <line number="79" hits="8" branch="False" />
                <line number="80" hits="8" branch="False" />
                <line number="81" hits="8" branch="False" />
                <line number="82" hits="8" branch="False" />
              </lines>
            </method>
            <method name="GetRefSetId" signature="(System.String)" line-rate="1" branch-rate="1" complexity="2">
              <lines>
                <line number="100" hits="13" branch="False" />
                <line number="101" hits="13" branch="False" />
                <line number="102" hits="13" branch="True" condition-coverage="100% (2/2)">
                  <conditions>
                    <condition number="196" type="jump" coverage="100%" />
                  </conditions>
                </line>
                <line number="103" hits="13" branch="False" />
              </lines>
            </method>
            <method name="GetRefTermIdList" signature="(System.Nullable`1&lt;System.Guid&gt;)" line-rate="1" branch-rate="1" complexity="1">
              <lines>
                <line number="105" hits="12" branch="False" />
                <line number="106" hits="12" branch="False" />
                <line number="107" hits="12" branch="False" />
                <line number="108" hits="12" branch="False" />
              </lines>
            </method>
            <method name="GetRefTermDetailsList" signature="(System.Collections.Generic.List`1&lt;System.Guid&gt;)" line-rate="1" branch-rate="1" complexity="1">
              <lines>
                <line number="110" hits="12" branch="False" />
                <line number="111" hits="12" branch="False" />
                <line number="112" hits="12" branch="False" />
                <line number="113" hits="12" branch="False" />
                <line number="114" hits="12" branch="False" />
                <line number="115" hits="12" branch="False" />
                <line number="116" hits="12" branch="False" />
                <line number="117" hits="12" branch="False" />
                <line number="118" hits="12" branch="False" />
              </lines>
            </method>
            <method name="GetAllAddressBookDetails" signature="(System.Int32,System.Int32,System.String,System.String)" line-rate="0.6315" branch-rate="0.3333" complexity="12">
              <lines>
                <line number="139" hits="1" branch="False" />
                <line number="140" hits="1" branch="False" />
                <line number="141" hits="1" branch="False" />
                <line number="142" hits="1" branch="False" />
                <line number="143" hits="1" branch="False" />
                <line number="144" hits="1" branch="False" />
                <line number="146" hits="1" branch="True" condition-coverage="25% (1/4)">
                  <conditions>
                    <condition number="307" type="jump" coverage="50%" />
                    <condition number="320" type="jump" coverage="0%" />
                  </conditions>
                </line>
                <line number="149" hits="1" branch="True" condition-coverage="50% (1/2)">
                  <conditions>
                    <condition number="351" type="jump" coverage="50%" />
                  </conditions>
                </line>
                <line number="150" hits="1" branch="False" />
                <line number="152" hits="0" branch="False" />
                <line number="153" hits="1" branch="False" />
                <line number="156" hits="0" branch="True" condition-coverage="0% (0/2)">
                  <conditions>
                    <condition number="509" type="jump" coverage="0%" />
                  </conditions>
                </line>
                <line number="157" hits="0" branch="False" />
                <line number="159" hits="0" branch="False" />
                <line number="160" hits="0" branch="False" />
                <line number="163" hits="0" branch="False" />
                <line number="164" hits="0" branch="False" />
                <line number="167" hits="1" branch="True" condition-coverage="50% (2/4)">
                  <conditions>
                    <condition number="714" type="jump" coverage="50%" />
                    <condition number="727" type="jump" coverage="50%" />
                  </conditions>
                </line>
                <line number="169" hits="1" branch="False" />
              </lines>
            </method>
            <method name="GetCount" signature="()" line-rate="1" branch-rate="1" complexity="1">
              <lines>
                <line number="181" hits="1" branch="False" />
                <line number="182" hits="1" branch="False" />
                <line number="183" hits="1" branch="False" />
                <line number="184" hits="1" branch="False" />
              </lines>
            </method>
            <method name="GetAddressBookDetails" signature="(System.Nullable`1&lt;System.Guid&gt;)" line-rate="1" branch-rate="1" complexity="1">
              <lines>
                <line number="197" hits="3" branch="False" />
                <line number="198" hits="3" branch="False" />
                <line number="199" hits="3" branch="False" />
                <line number="200" hits="3" branch="False" />
                <line number="201" hits="3" branch="False" />
                <line number="202" hits="3" branch="False" />
                <line number="203" hits="3" branch="False" />
                <line number="204" hits="3" branch="False" />
                <line number="205" hits="3" branch="False" />
              </lines>
            </method>
            <method name="GetKeyById" signature="(System.Guid)" line-rate="1" branch-rate="1" complexity="1">
              <lines>
                <line number="207" hits="24" branch="False" />
                <line number="208" hits="24" branch="False" />
                <line number="209" hits="24" branch="False" />
                <line number="210" hits="24" branch="False" />
              </lines>
            </method>
            <method name="UpdateChanges" signature="(Entity.Model.AddressBook)" line-rate="1" branch-rate="1" complexity="1">
              <lines>
                <line number="223" hits="2" branch="False" />
                <line number="224" hits="2" branch="False" />
                <line number="225" hits="2" branch="False" />
                <line number="226" hits="2" branch="False" />
              </lines>
            </method>
            <method name="CheckEmails" signature="(System.String)" line-rate="0.8332999999999999" branch-rate="0.5" complexity="2">
              <lines>
                <line number="230" hits="2" branch="False" />
                <line number="231" hits="2" branch="False" />
                <line number="232" hits="2" branch="True" condition-coverage="50% (1/2)">
                  <conditions>
                    <condition number="150" type="jump" coverage="50%" />
                  </conditions>
                </line>
                <line number="233" hits="0" branch="False" />
                <line number="234" hits="2" branch="False" />
                <line number="235" hits="2" branch="False" />
              </lines>
            </method>
            <method name="CheckPhones" signature="(System.String)" line-rate="0.8332999999999999" branch-rate="0.5" complexity="2">
              <lines>
                <line number="237" hits="2" branch="False" />
                <line number="238" hits="2" branch="False" />
                <line number="239" hits="2" branch="True" condition-coverage="50% (1/2)">
                  <conditions>
                    <condition number="150" type="jump" coverage="50%" />
                  </conditions>
                </line>
                <line number="240" hits="0" branch="False" />
                <line number="241" hits="2" branch="False" />
                <line number="242" hits="2" branch="False" />
              </lines>
            </method>
            <method name="GetAssetStatus" signature="(System.Nullable`1&lt;System.Guid&gt;)" line-rate="1" branch-rate="1" complexity="2">
              <lines>
                <line number="256" hits="2" branch="False" />
                <line number="257" hits="2" branch="False" />
                <line number="258" hits="2" branch="True" condition-coverage="100% (2/2)">
                  <conditions>
                    <condition number="177" type="jump" coverage="100%" />
                  </conditions>
                </line>
                <line number="259" hits="2" branch="False" />
              </lines>
            </method>
            <method name="UploadAsset" signature="(Entity.Model.Asset)" line-rate="1" branch-rate="1" complexity="1">
              <lines>
                <line number="268" hits="1" branch="False" />
                <line number="269" hits="1" branch="False" />
                <line number="270" hits="1" branch="False" />
                <line number="271" hits="1" branch="False" />
                <line number="272" hits="1" branch="False" />
              </lines>
            </method>
            <method name="GetAssetById" signature="(System.Nullable`1&lt;System.Guid&gt;)" line-rate="1" branch-rate="1" complexity="1">
              <lines>
                <line number="286" hits="1" branch="False" />
                <line number="287" hits="1" branch="False" />
                <line number="288" hits="1" branch="False" />
                <line number="289" hits="1" branch="False" />
              </lines>
            </method>
            <method name=".ctor" signature="(Microsoft.Extensions.Configuration.IConfiguration,Entity.Data.ApiDbContext,Microsoft.Extensions.Logging.ILogger`1&lt;Repository.AddressBookRepository&gt;)" line-rate="1" branch-rate="1" complexity="1">
              <lines>
                <line number="25" hits="51" branch="False" />
                <line number="26" hits="51" branch="False" />
                <line number="27" hits="51" branch="False" />
                <line number="28" hits="51" branch="False" />
                <line number="29" hits="51" branch="False" />
                <line number="30" hits="51" branch="False" />
              </lines>
            </method>
          </methods>
          <lines>
            <line number="41" hits="1" branch="False" />
            <line number="42" hits="1" branch="False" />
            <line number="43" hits="1" branch="False" />
            <line number="44" hits="1" branch="False" />
            <line number="45" hits="1" branch="False" />
            <line number="59" hits="4" branch="False" />
            <line number="60" hits="4" branch="False" />
            <line number="61" hits="4" branch="False" />
            <line number="62" hits="4" branch="False" />
            <line number="72" hits="1" branch="False" />
            <line number="73" hits="1" branch="False" />
            <line number="74" hits="1" branch="False" />
            <line number="75" hits="1" branch="False" />
            <line number="76" hits="1" branch="False" />
            <line number="79" hits="8" branch="False" />
            <line number="80" hits="8" branch="False" />
            <line number="81" hits="8" branch="False" />
            <line number="82" hits="8" branch="False" />
            <line number="100" hits="13" branch="False" />
            <line number="101" hits="13" branch="False" />
            <line number="102" hits="13" branch="True" condition-coverage="100% (2/2)">
              <conditions>
                <condition number="196" type="jump" coverage="100%" />
              </conditions>
            </line>
            <line number="103" hits="13" branch="False" />
            <line number="105" hits="12" branch="False" />
            <line number="106" hits="12" branch="False" />
            <line number="107" hits="12" branch="False" />
            <line number="108" hits="12" branch="False" />
            <line number="110" hits="12" branch="False" />
            <line number="111" hits="12" branch="False" />
            <line number="112" hits="12" branch="False" />
            <line number="113" hits="12" branch="False" />
            <line number="114" hits="12" branch="False" />
            <line number="115" hits="12" branch="False" />
            <line number="116" hits="12" branch="False" />
            <line number="117" hits="12" branch="False" />
            <line number="118" hits="12" branch="False" />
            <line number="139" hits="1" branch="False" />
            <line number="140" hits="1" branch="False" />
            <line number="141" hits="1" branch="False" />
            <line number="142" hits="1" branch="False" />
            <line number="143" hits="1" branch="False" />
            <line number="144" hits="1" branch="False" />
            <line number="146" hits="1" branch="True" condition-coverage="25% (1/4)">
              <conditions>
                <condition number="307" type="jump" coverage="50%" />
                <condition number="320" type="jump" coverage="0%" />
              </conditions>
            </line>
            <line number="149" hits="1" branch="True" condition-coverage="50% (1/2)">
              <conditions>
                <condition number="351" type="jump" coverage="50%" />
              </conditions>
            </line>
            <line number="150" hits="1" branch="False" />
            <line number="152" hits="0" branch="False" />
            <line number="153" hits="1" branch="False" />
            <line number="156" hits="0" branch="True" condition-coverage="0% (0/2)">
              <conditions>
                <condition number="509" type="jump" coverage="0%" />
              </conditions>
            </line>
            <line number="157" hits="0" branch="False" />
            <line number="159" hits="0" branch="False" />
            <line number="160" hits="0" branch="False" />
            <line number="163" hits="0" branch="False" />
            <line number="164" hits="0" branch="False" />
            <line number="167" hits="1" branch="True" condition-coverage="50% (2/4)">
              <conditions>
                <condition number="714" type="jump" coverage="50%" />
                <condition number="727" type="jump" coverage="50%" />
              </conditions>
            </line>
            <line number="169" hits="1" branch="False" />
            <line number="181" hits="1" branch="False" />
            <line number="182" hits="1" branch="False" />
            <line number="183" hits="1" branch="False" />
            <line number="184" hits="1" branch="False" />
            <line number="197" hits="3" branch="False" />
            <line number="198" hits="3" branch="False" />
            <line number="199" hits="3" branch="False" />
            <line number="200" hits="3" branch="False" />
            <line number="201" hits="3" branch="False" />
            <line number="202" hits="3" branch="False" />
            <line number="203" hits="3" branch="False" />
            <line number="204" hits="3" branch="False" />
            <line number="205" hits="3" branch="False" />
            <line number="207" hits="24" branch="False" />
            <line number="208" hits="24" branch="False" />
            <line number="209" hits="24" branch="False" />
            <line number="210" hits="24" branch="False" />
            <line number="223" hits="2" branch="False" />
            <line number="224" hits="2" branch="False" />
            <line number="225" hits="2" branch="False" />
            <line number="226" hits="2" branch="False" />
            <line number="230" hits="2" branch="False" />
            <line number="231" hits="2" branch="False" />
            <line number="232" hits="2" branch="True" condition-coverage="50% (1/2)">
              <conditions>
                <condition number="150" type="jump" coverage="50%" />
              </conditions>
            </line>
            <line number="233" hits="0" branch="False" />
            <line number="234" hits="2" branch="False" />
            <line number="235" hits="2" branch="False" />
            <line number="237" hits="2" branch="False" />
            <line number="238" hits="2" branch="False" />
            <line number="239" hits="2" branch="True" condition-coverage="50% (1/2)">
              <conditions>
                <condition number="150" type="jump" coverage="50%" />
              </conditions>
            </line>
            <line number="240" hits="0" branch="False" />
            <line number="241" hits="2" branch="False" />
            <line number="242" hits="2" branch="False" />
            <line number="256" hits="2" branch="False" />
            <line number="257" hits="2" branch="False" />
            <line number="258" hits="2" branch="True" condition-coverage="100% (2/2)">
              <conditions>
                <condition number="177" type="jump" coverage="100%" />
              </conditions>
            </line>
            <line number="259" hits="2" branch="False" />
            <line number="268" hits="1" branch="False" />
            <line number="269" hits="1" branch="False" />
            <line number="270" hits="1" branch="False" />
            <line number="271" hits="1" branch="False" />
            <line number="272" hits="1" branch="False" />
            <line number="286" hits="1" branch="False" />
            <line number="287" hits="1" branch="False" />
            <line number="288" hits="1" branch="False" />
            <line number="289" hits="1" branch="False" />
            <line number="25" hits="51" branch="False" />
            <line number="26" hits="51" branch="False" />
            <line number="27" hits="51" branch="False" />
            <line number="28" hits="51" branch="False" />
            <line number="29" hits="51" branch="False" />
            <line number="30" hits="51" branch="False" />
          </lines>
        </class>
      </classes>
    </package>
    <package name="Service" line-rate="0.9004000000000001" branch-rate="0.7333" complexity="66">
      <classes>
        <class name="Service.AddressBookService" filename="Service\AddressBookService.cs" line-rate="0.9004000000000001" branch-rate="0.7333" complexity="66">
          <methods>
            <method name="CreateUser" signature="(Entity.Dto.SignupDto)" line-rate="1" branch-rate="1" complexity="2">
              <lines>
                <line number="59" hits="2" branch="False" />
                <line number="60" hits="2" branch="False" />
                <line number="61" hits="2" branch="True" condition-coverage="100% (2/2)">
                  <conditions>
                    <condition number="45" type="jump" coverage="100%" />
                  </conditions>
                </line>
                <line number="62" hits="1" branch="False" />
                <line number="63" hits="1" branch="False" />
                <line number="64" hits="1" branch="False" />
                <line number="66" hits="1" branch="False" />
                <line number="67" hits="1" branch="False" />
                <line number="68" hits="1" branch="False" />
                <line number="69" hits="1" branch="False" />
                <line number="70" hits="1" branch="False" />
                <line number="71" hits="1" branch="False" />
                <line number="72" hits="1" branch="False" />
                <line number="73" hits="1" branch="False" />
                <line number="74" hits="1" branch="False" />
                <line number="75" hits="1" branch="False" />
                <line number="76" hits="1" branch="False" />
                <line number="77" hits="1" branch="False" />
                <line number="78" hits="1" branch="False" />
              </lines>
            </method>
            <method name="GenerateToken" signature="(Entity.Model.User)" line-rate="1" branch-rate="1" complexity="1">
              <lines>
                <line number="92" hits="1" branch="False" />
                <line number="93" hits="1" branch="False" />
                <line number="94" hits="1" branch="False" />
                <line number="95" hits="1" branch="False" />
                <line number="96" hits="1" branch="False" />
                <line number="97" hits="1" branch="False" />
                <line number="98" hits="1" branch="False" />
                <line number="99" hits="1" branch="False" />
                <line number="100" hits="1" branch="False" />
                <line number="101" hits="1" branch="False" />
                <line number="102" hits="1" branch="False" />
                <line number="103" hits="1" branch="False" />
                <line number="104" hits="1" branch="False" />
                <line number="105" hits="1" branch="False" />
                <line number="106" hits="1" branch="False" />
                <line number="107" hits="1" branch="False" />
                <line number="108" hits="1" branch="False" />
                <line number="109" hits="1" branch="False" />
                <line number="110" hits="1" branch="False" />
                <line number="111" hits="1" branch="False" />
                <line number="112" hits="1" branch="False" />
                <line number="113" hits="1" branch="False" />
              </lines>
            </method>
            <method name="ValidateUser" signature="(System.String,System.String)" line-rate="0.8665999999999999" branch-rate="0.6666" complexity="6">
              <lines>
                <line number="127" hits="2" branch="False" />
                <line number="128" hits="2" branch="False" />
                <line number="129" hits="2" branch="False" />
                <line number="130" hits="2" branch="False" />
                <line number="131" hits="2" branch="True" condition-coverage="100% (2/2)">
                  <conditions>
                    <condition number="59" type="jump" coverage="100%" />
                  </conditions>
                </line>
                <line number="132" hits="1" branch="False" />
                <line number="133" hits="1" branch="False" />
                <line number="134" hits="1" branch="False" />
                <line number="136" hits="1" branch="True" condition-coverage="50% (2/4)">
                  <conditions>
                    <condition number="117" type="jump" coverage="50%" />
                    <condition number="136" type="jump" coverage="50%" />
                  </conditions>
                </line>
                <line number="137" hits="1" branch="False" />
                <line number="138" hits="1" branch="False" />
                <line number="139" hits="1" branch="False" />
                <line number="141" hits="0" branch="False" />
                <line number="142" hits="0" branch="False" />
                <line number="144" hits="1" branch="False" />
              </lines>
            </method>
            <method name="ComputeHash" signature="(System.String)" line-rate="1" branch-rate="1" complexity="1">
              <lines>
                <line number="157" hits="3" branch="False" />
                <line number="158" hits="3" branch="False" />
                <line number="159" hits="3" branch="False" />
                <line number="160" hits="3" branch="False" />
                <line number="161" hits="3" branch="False" />
                <line number="162" hits="3" branch="False" />
                <line number="163" hits="3" branch="False" />
                <line number="165" hits="3" branch="False" />
              </lines>
            </method>
            <method name="TypeConflict" signature="(System.Collections.Generic.List`1&lt;System.String&gt;)" line-rate="0.75" branch-rate="0.5" complexity="2">
              <lines>
                <line number="177" hits="8" branch="False" />
                <line number="178" hits="8" branch="False" />
                <line number="179" hits="8" branch="False" />
                <line number="180" hits="8" branch="True" condition-coverage="50% (1/2)">
                  <conditions>
                    <condition number="59" type="jump" coverage="50%" />
                  </conditions>
                </line>
                <line number="181" hits="0" branch="False" />
                <line number="182" hits="0" branch="False" />
                <line number="184" hits="8" branch="False" />
                <line number="185" hits="8" branch="False" />
              </lines>
            </method>
            <method name="MetadataValidate" signature="(System.String,System.String)" line-rate="0.7" branch-rate="0.5" complexity="2">
              <lines>
                <line number="198" hits="8" branch="False" />
                <line number="199" hits="8" branch="False" />
                <line number="200" hits="8" branch="False" />
                <line number="201" hits="44" branch="False" />
                <line number="202" hits="8" branch="True" condition-coverage="50% (1/2)">
                  <conditions>
                    <condition number="132" type="jump" coverage="50%" />
                  </conditions>
                </line>
                <line number="203" hits="0" branch="False" />
                <line number="204" hits="0" branch="False" />
                <line number="205" hits="0" branch="False" />
                <line number="207" hits="8" branch="False" />
                <line number="208" hits="8" branch="False" />
              </lines>
            </method>
            <method name="GetMetaDataList" signature="(System.String)" line-rate="1" branch-rate="1" complexity="2">
              <lines>
                <line number="221" hits="13" branch="False" />
                <line number="222" hits="13" branch="False" />
                <line number="223" hits="13" branch="True" condition-coverage="100% (2/2)">
                  <conditions>
                    <condition number="26" type="jump" coverage="100%" />
                  </conditions>
                </line>
                <line number="224" hits="1" branch="False" />
                <line number="225" hits="1" branch="False" />
                <line number="226" hits="1" branch="False" />
                <line number="229" hits="12" branch="False" />
                <line number="230" hits="12" branch="False" />
                <line number="232" hits="12" branch="False" />
              </lines>
            </method>
            <method name="CreateAddressBookServices" signature="(Entity.Dto.AddressBookDto,System.Guid)" line-rate="1" branch-rate="1" complexity="6">
              <lines>
                <line number="249" hits="1" branch="False" />
                <line number="250" hits="1" branch="False" />
                <line number="251" hits="1" branch="False" />
                <line number="252" hits="1" branch="False" />
                <line number="253" hits="1" branch="False" />
                <line number="254" hits="5" branch="True" condition-coverage="100% (2/2)">
[...]
            <line number="329" hits="1" branch="False" />
            <line number="330" hits="1" branch="False" />
            <line number="331" hits="1" branch="False" />
            <line number="332" hits="1" branch="False" />
            <line number="333" hits="1" branch="False" />
            <line number="334" hits="1" branch="False" />
            <line number="349" hits="1" branch="False" />
            <line number="350" hits="1" branch="False" />
            <line number="351" hits="1" branch="True" condition-coverage="50% (1/2)">
              <conditions>
                <condition number="25" type="jump" coverage="50%" />
              </conditions>
            </line>
            <line number="352" hits="0" branch="False" />
            <line number="353" hits="0" branch="False" />
            <line number="354" hits="0" branch="False" />
            <line number="357" hits="1" branch="False" />
            <line number="358" hits="1" branch="False" />
            <line number="360" hits="1" branch="False" />
            <line number="375" hits="4" branch="False" />
            <line number="376" hits="4" branch="False" />
            <line number="377" hits="4" branch="False" />
            <line number="378" hits="4" branch="False" />
            <line number="379" hits="4" branch="False" />
            <line number="380" hits="4" branch="False" />
            <line number="381" hits="4" branch="False" />
            <line number="382" hits="4" branch="False" />
            <line number="383" hits="4" branch="False" />
            <line number="384" hits="4" branch="False" />
            <line number="385" hits="4" branch="False" />
            <line number="386" hits="4" branch="False" />
            <line number="387" hits="4" branch="False" />
            <line number="388" hits="4" branch="False" />
            <line number="389" hits="4" branch="False" />
            <line number="390" hits="4" branch="False" />
            <line number="391" hits="4" branch="False" />
            <line number="392" hits="4" branch="False" />
            <line number="393" hits="4" branch="False" />
            <line number="394" hits="4" branch="False" />
            <line number="395" hits="4" branch="False" />
            <line number="396" hits="4" branch="False" />
            <line number="397" hits="4" branch="False" />
            <line number="398" hits="4" branch="False" />
            <line number="399" hits="4" branch="False" />
            <line number="400" hits="4" branch="False" />
            <line number="401" hits="4" branch="False" />
            <line number="402" hits="4" branch="False" />
            <line number="403" hits="4" branch="False" />
            <line number="404" hits="4" branch="False" />
            <line number="405" hits="4" branch="False" />
            <line number="406" hits="4" branch="False" />
            <line number="407" hits="4" branch="False" />
            <line number="408" hits="4" branch="False" />
            <line number="409" hits="4" branch="False" />
            <line number="410" hits="4" branch="False" />
            <line number="411" hits="4" branch="False" />
            <line number="412" hits="4" branch="False" />
            <line number="413" hits="4" branch="False" />
            <line number="414" hits="4" branch="False" />
            <line number="416" hits="4" branch="False" />
            <line number="417" hits="4" branch="False" />
            <line number="418" hits="4" branch="False" />
            <line number="435" hits="1" branch="False" />
            <line number="436" hits="1" branch="False" />
            <line number="437" hits="1" branch="True" condition-coverage="50% (1/2)">
              <conditions>
                <condition number="50" type="jump" coverage="50%" />
              </conditions>
            </line>
            <line number="438" hits="0" branch="False" />
            <line number="439" hits="0" branch="False" />
            <line number="440" hits="0" branch="False" />
            <line number="443" hits="1" branch="False" />
            <line number="444" hits="1" branch="False" />
            <line number="445" hits="1" branch="False" />
            <line number="446" hits="1" branch="False" />
            <line number="447" hits="1" branch="False" />
            <line number="449" hits="2" branch="False" />
            <line number="450" hits="2" branch="False" />
            <line number="451" hits="2" branch="False" />
            <line number="452" hits="2" branch="False" />
            <line number="453" hits="2" branch="False" />
            <line number="454" hits="2" branch="False" />
            <line number="455" hits="2" branch="False" />
            <line number="456" hits="2" branch="False" />
            <line number="457" hits="2" branch="False" />
            <line number="458" hits="2" branch="False" />
            <line number="460" hits="2" branch="False" />
            <line number="461" hits="2" branch="False" />
            <line number="462" hits="2" branch="False" />
            <line number="463" hits="2" branch="False" />
            <line number="464" hits="2" branch="False" />
            <line number="465" hits="2" branch="False" />
            <line number="466" hits="2" branch="False" />
            <line number="467" hits="2" branch="False" />
            <line number="468" hits="2" branch="False" />
            <line number="469" hits="2" branch="False" />
            <line number="471" hits="2" branch="False" />
            <line number="472" hits="2" branch="False" />
            <line number="473" hits="2" branch="False" />
            <line number="474" hits="2" branch="False" />
            <line number="475" hits="2" branch="False" />
            <line number="476" hits="2" branch="False" />
            <line number="477" hits="2" branch="False" />
            <line number="478" hits="2" branch="False" />
            <line number="479" hits="2" branch="False" />
            <line number="480" hits="2" branch="False" />
            <line number="481" hits="2" branch="False" />
            <line number="482" hits="2" branch="False" />
            <line number="483" hits="2" branch="False" />
            <line number="484" hits="2" branch="False" />
            <line number="485" hits="2" branch="False" />
            <line number="487" hits="1" branch="False" />
            <line number="488" hits="1" branch="False" />
            <line number="489" hits="1" branch="False" />
            <line number="490" hits="1" branch="False" />
            <line number="491" hits="1" branch="False" />
            <line number="492" hits="1" branch="False" />
            <line number="493" hits="1" branch="False" />
            <line number="494" hits="1" branch="False" />
            <line number="495" hits="1" branch="False" />
            <line number="496" hits="1" branch="False" />
            <line number="497" hits="1" branch="False" />
            <line number="498" hits="1" branch="False" />
            <line number="499" hits="1" branch="False" />
            <line number="510" hits="2" branch="False" />
            <line number="511" hits="2" branch="False" />
            <line number="512" hits="2" branch="False" />
            <line number="513" hits="2" branch="False" />
            <line number="514" hits="10" branch="True" condition-coverage="100% (2/2)">
              <conditions>
                <condition number="159" type="jump" coverage="100%" />
              </conditions>
            </line>
            <line number="515" hits="2" branch="False" />
            <line number="516" hits="2" branch="True" condition-coverage="50% (1/2)">
              <conditions>
                <condition number="82" type="jump" coverage="50%" />
              </conditions>
            </line>
            <line number="517" hits="0" branch="False" />
            <line number="518" hits="0" branch="False" />
            <line number="519" hits="0" branch="False" />
            <line number="521" hits="2" branch="False" />
            <line number="522" hits="2" branch="False" />
            <line number="523" hits="2" branch="True" condition-coverage="50% (1/2)">
              <conditions>
                <condition number="188" type="jump" coverage="50%" />
              </conditions>
            </line>
            <line number="524" hits="0" branch="False" />
            <line number="525" hits="0" branch="False" />
            <line number="526" hits="0" branch="False" />
            <line number="528" hits="2" branch="False" />
            <line number="529" hits="2" branch="False" />
            <line number="530" hits="10" branch="True" condition-coverage="100% (2/2)">
              <conditions>
                <condition number="393" type="jump" coverage="100%" />
              </conditions>
            </line>
            <line number="531" hits="2" branch="False" />
            <line number="532" hits="2" branch="True" condition-coverage="50% (1/2)">
              <conditions>
                <condition number="314" type="jump" coverage="50%" />
              </conditions>
            </line>
            <line number="533" hits="0" branch="False" />
            <line number="534" hits="0" branch="False" />
            <line number="535" hits="0" branch="False" />
            <line number="537" hits="2" branch="False" />
            <line number="538" hits="2" branch="False" />
            <line number="539" hits="2" branch="True" condition-coverage="50% (1/2)">
              <conditions>
                <condition number="424" type="jump" coverage="50%" />
              </conditions>
            </line>
            <line number="540" hits="0" branch="False" />
            <line number="541" hits="0" branch="False" />
            <line number="542" hits="0" branch="False" />
            <line number="544" hits="2" branch="False" />
            <line number="545" hits="2" branch="False" />
            <line number="546" hits="10" branch="True" condition-coverage="100% (2/2)">
              <conditions>
                <condition number="583" type="jump" coverage="100%" />
              </conditions>
            </line>
            <line number="547" hits="2" branch="False" />
            <line number="548" hits="2" branch="False" />
            <line number="549" hits="2" branch="False" />
            <line number="550" hits="2" branch="False" />
            <line number="551" hits="2" branch="True" condition-coverage="50% (1/2)">
              <conditions>
                <condition number="614" type="jump" coverage="50%" />
              </conditions>
            </line>
            <line number="552" hits="0" branch="False" />
            <line number="553" hits="0" branch="False" />
            <line number="554" hits="0" branch="False" />
            <line number="556" hits="2" branch="False" />
            <line number="557" hits="2" branch="True" condition-coverage="50% (1/2)">
              <conditions>
                <condition number="681" type="jump" coverage="50%" />
              </conditions>
            </line>
            <line number="558" hits="0" branch="False" />
            <line number="559" hits="0" branch="False" />
            <line number="560" hits="0" branch="False" />
            <line number="562" hits="2" branch="False" />
            <line number="563" hits="2" branch="False" />
            <line number="564" hits="2" branch="False" />
            <line number="580" hits="1" branch="False" />
            <line number="581" hits="1" branch="False" />
            <line number="582" hits="1" branch="True" condition-coverage="50% (1/2)">
              <conditions>
                <condition number="20" type="jump" coverage="50%" />
              </conditions>
            </line>
            <line number="583" hits="0" branch="False" />
            <line number="584" hits="0" branch="False" />
            <line number="585" hits="0" branch="False" />
            <line number="588" hits="1" branch="False" />
            <line number="589" hits="1" branch="False" />
            <line number="590" hits="1" branch="False" />
            <line number="591" hits="1" branch="False" />
            <line number="592" hits="1" branch="False" />
            <line number="593" hits="1" branch="True" condition-coverage="100% (2/2)">
              <conditions>
                <condition number="141" type="jump" coverage="100%" />
              </conditions>
            </line>
            <line number="594" hits="1" branch="False" />
            <line number="595" hits="1" branch="False" />
            <line number="596" hits="1" branch="False" />
            <line number="597" hits="1" branch="False" />
            <line number="598" hits="1" branch="False" />
            <line number="599" hits="5" branch="True" condition-coverage="100% (2/2)">
              <conditions>
                <condition number="232" type="jump" coverage="100%" />
              </conditions>
            </line>
            <line number="600" hits="1" branch="False" />
            <line number="601" hits="1" branch="False" />
            <line number="602" hits="1" branch="False" />
            <line number="603" hits="5" branch="True" condition-coverage="100% (2/2)">
              <conditions>
                <condition number="293" type="jump" coverage="100%" />
              </conditions>
            </line>
            <line number="604" hits="1" branch="False" />
            <line number="605" hits="1" branch="False" />
            <line number="606" hits="1" branch="False" />
            <line number="607" hits="5" branch="True" condition-coverage="100% (2/2)">
              <conditions>
                <condition number="354" type="jump" coverage="100%" />
              </conditions>
            </line>
            <line number="608" hits="1" branch="False" />
            <line number="609" hits="1" branch="False" />
            <line number="610" hits="1" branch="False" />
            <line number="611" hits="1" branch="False" />
            <line number="612" hits="1" branch="False" />
            <line number="613" hits="1" branch="False" />
            <line number="614" hits="1" branch="False" />
            <line number="615" hits="1" branch="False" />
            <line number="616" hits="1" branch="False" />
            <line number="617" hits="1" branch="False" />
            <line number="618" hits="1" branch="False" />
            <line number="619" hits="1" branch="False" />
            <line number="620" hits="1" branch="False" />
            <line number="621" hits="1" branch="False" />
            <line number="633" hits="3" branch="False" />
            <line number="634" hits="3" branch="False" />
            <line number="635" hits="3" branch="False" />
            <line number="636" hits="3" branch="False" />
            <line number="637" hits="3" branch="False" />
            <line number="653" hits="1" branch="False" />
            <line number="654" hits="1" branch="False" />
            <line number="656" hits="1" branch="False" />
            <line number="657" hits="1" branch="False" />
            <line number="658" hits="1" branch="False" />
            <line number="659" hits="1" branch="False" />
            <line number="660" hits="1" branch="False" />
            <line number="661" hits="1" branch="False" />
            <line number="662" hits="1" branch="False" />
            <line number="663" hits="1" branch="False" />
            <line number="664" hits="1" branch="False" />
            <line number="665" hits="1" branch="False" />
            <line number="666" hits="1" branch="False" />
            <line number="667" hits="1" branch="False" />
            <line number="668" hits="1" branch="False" />
            <line number="669" hits="1" branch="False" />
            <line number="670" hits="1" branch="False" />
            <line number="671" hits="1" branch="False" />
            <line number="672" hits="1" branch="False" />
            <line number="673" hits="1" branch="False" />
            <line number="674" hits="1" branch="False" />
            <line number="675" hits="1" branch="False" />
            <line number="676" hits="1" branch="False" />
            <line number="677" hits="1" branch="False" />
            <line number="678" hits="1" branch="False" />
            <line number="679" hits="1" branch="True" condition-coverage="50% (1/2)">
              <conditions>
                <condition number="308" type="jump" coverage="50%" />
              </conditions>
            </line>
            <line number="680" hits="0" branch="False" />
            <line number="681" hits="0" branch="False" />
            <line number="683" hits="1" branch="False" />
            <line number="684" hits="1" branch="False" />
            <line number="685" hits="1" branch="False" />
            <line number="686" hits="1" branch="False" />
            <line number="687" hits="1" branch="False" />
            <line number="688" hits="1" branch="False" />
            <line number="689" hits="1" branch="False" />
            <line number="690" hits="1" branch="False" />
            <line number="691" hits="1" branch="False" />
            <line number="692" hits="1" branch="False" />
            <line number="704" hits="1" branch="False" />
            <line number="705" hits="1" branch="False" />
            <line number="706" hits="1" branch="True" condition-coverage="50% (1/2)">
              <conditions>
                <condition number="21" type="jump" coverage="50%" />
              </conditions>
            </line>
            <line number="707" hits="0" branch="False" />
            <line number="708" hits="0" branch="False" />
            <line number="709" hits="0" branch="False" />
            <line number="710" hits="1" branch="False" />
            <line number="711" hits="1" branch="False" />
            <line number="724" hits="1" branch="False" />
            <line number="725" hits="1" branch="False" />
            <line number="726" hits="1" branch="True" condition-coverage="50% (1/2)">
              <conditions>
                <condition number="22" type="jump" coverage="50%" />
              </conditions>
            </line>
            <line number="727" hits="0" branch="False" />
            <line number="728" hits="0" branch="False" />
            <line number="729" hits="0" branch="False" />
            <line number="731" hits="1" branch="False" />
            <line number="732" hits="1" branch="False" />
            <line number="733" hits="1" branch="False" />
            <line number="734" hits="1" branch="False" />
            <line number="735" hits="1" branch="False" />
            <line number="736" hits="1" branch="False" />
            <line number="737" hits="1" branch="False" />
            <line number="738" hits="1" branch="False" />
            <line number="739" hits="1" branch="False" />
            <line number="38" hits="34" branch="False" />
            <line number="39" hits="34" branch="False" />
            <line number="40" hits="34" branch="False" />
            <line number="41" hits="34" branch="False" />
            <line number="42" hits="34" branch="False" />
            <line number="43" hits="34" branch="False" />
            <line number="44" hits="34" branch="False" />
            <line number="46" hits="34" branch="False" />
          </lines>
        </class>
      </classes>
    </package>
  </packages>
</coverage>